 
****************************************
Report : area
Design : cpu
Version: L-2016.03-SP1
Date   : Sat Sep 14 15:07:01 2024
****************************************

Library(s) Used:

    lsi_10k (File: /media/ord1nary/Yes/SynopsysEDA/designcompiler2016/libraries/syn/lsi_10k.db)

Number of ports:                         1348
Number of nets:                          6904
Number of cells:                         5522
Number of combinational cells:           3480
Number of sequential cells:              2028
Number of macros/black boxes:               0
Number of buf/inv:                        458
Number of references:                      11

Combinational area:               7054.000000
Buf/Inv area:                      458.000000
Noncombinational area:           10149.000000
Macro/Black Box area:                0.000000
Net Interconnect area:      undefined  (Wire load has zero net area)

Total cell area:                 17203.000000
Total area:                 undefined
1
