 
****************************************
Report : cell
Design : cpu
Version: L-2016.03-SP1
Date   : Sat Sep 14 15:07:01 2024
****************************************

Attributes:
    b - black box (unknown)
    h - hierarchical
    n - noncombinational
    p - parameterized
    r - removable
    u - contains unmapped logic

Cell                      Reference       Library             Area  Attributes
--------------------------------------------------------------------------------
U200                      IVDA            lsi_10k         1.000000  
U201                      NR2             lsi_10k         1.000000  
U202                      IVP             lsi_10k         1.000000  
U203                      IVP             lsi_10k         1.000000  
U204                      IVP             lsi_10k         1.000000  
U205                      AO2             lsi_10k         2.000000  
U206                      IVP             lsi_10k         1.000000  
U207                      AO2             lsi_10k         2.000000  
U208                      ND2             lsi_10k         1.000000  
U209                      ND2             lsi_10k         1.000000  
U210                      AO2             lsi_10k         2.000000  
U211                      IVP             lsi_10k         1.000000  
U212                      AO2             lsi_10k         2.000000  
U213                      IVP             lsi_10k         1.000000  
U214                      AO2             lsi_10k         2.000000  
U215                      IVP             lsi_10k         1.000000  
U216                      AO2             lsi_10k         2.000000  
U217                      IVP             lsi_10k         1.000000  
U218                      AO2             lsi_10k         2.000000  
U219                      IVP             lsi_10k         1.000000  
U220                      AO2             lsi_10k         2.000000  
U221                      IVP             lsi_10k         1.000000  
U222                      AO2             lsi_10k         2.000000  
U223                      IVP             lsi_10k         1.000000  
U224                      AO2             lsi_10k         2.000000  
U225                      IVP             lsi_10k         1.000000  
U226                      AO2             lsi_10k         2.000000  
U227                      IVP             lsi_10k         1.000000  
U228                      AO2             lsi_10k         2.000000  
U229                      IVP             lsi_10k         1.000000  
U230                      AO2             lsi_10k         2.000000  
U231                      IVP             lsi_10k         1.000000  
U232                      AO2             lsi_10k         2.000000  
U233                      IVP             lsi_10k         1.000000  
U234                      AO2             lsi_10k         2.000000  
U235                      IVP             lsi_10k         1.000000  
U236                      AO2             lsi_10k         2.000000  
U237                      IVP             lsi_10k         1.000000  
U238                      AO2             lsi_10k         2.000000  
U239                      IVP             lsi_10k         1.000000  
U240                      AO2             lsi_10k         2.000000  
U241                      IVP             lsi_10k         1.000000  
U242                      AO2             lsi_10k         2.000000  
U243                      IVP             lsi_10k         1.000000  
U244                      AO2             lsi_10k         2.000000  
U245                      IVP             lsi_10k         1.000000  
U246                      AO2             lsi_10k         2.000000  
U247                      IVP             lsi_10k         1.000000  
U248                      AO2             lsi_10k         2.000000  
U249                      IVP             lsi_10k         1.000000  
U250                      AO2             lsi_10k         2.000000  
U251                      IVP             lsi_10k         1.000000  
U252                      AO2             lsi_10k         2.000000  
U253                      IVP             lsi_10k         1.000000  
U254                      AO2             lsi_10k         2.000000  
U255                      IVP             lsi_10k         1.000000  
U256                      AO2             lsi_10k         2.000000  
U257                      IVP             lsi_10k         1.000000  
U258                      AO2             lsi_10k         2.000000  
U259                      IVP             lsi_10k         1.000000  
U260                      AO2             lsi_10k         2.000000  
U261                      IVP             lsi_10k         1.000000  
U262                      AO2             lsi_10k         2.000000  
U263                      IVP             lsi_10k         1.000000  
U264                      AO2             lsi_10k         2.000000  
U265                      IVP             lsi_10k         1.000000  
U266                      AO2             lsi_10k         2.000000  
U267                      IVP             lsi_10k         1.000000  
U268                      AO2             lsi_10k         2.000000  
U269                      IVP             lsi_10k         1.000000  
U270                      AO2             lsi_10k         2.000000  
U271                      IVP             lsi_10k         1.000000  
U272                      AO2             lsi_10k         2.000000  
U273                      IVP             lsi_10k         1.000000  
U274                      AO2             lsi_10k         2.000000  
U275                      IVP             lsi_10k         1.000000  
U276                      AO2             lsi_10k         2.000000  
U277                      IVP             lsi_10k         1.000000  
U278                      AO2             lsi_10k         2.000000  
U279                      IVP             lsi_10k         1.000000  
U280                      AO2             lsi_10k         2.000000  
U281                      IVP             lsi_10k         1.000000  
U282                      AO2             lsi_10k         2.000000  
U283                      IVP             lsi_10k         1.000000  
U284                      AO2             lsi_10k         2.000000  
U285                      IVP             lsi_10k         1.000000  
U286                      AO2             lsi_10k         2.000000  
U287                      IVP             lsi_10k         1.000000  
U288                      AO2             lsi_10k         2.000000  
U289                      IVP             lsi_10k         1.000000  
U290                      AO2             lsi_10k         2.000000  
U291                      IVP             lsi_10k         1.000000  
U292                      AO2             lsi_10k         2.000000  
U293                      IVP             lsi_10k         1.000000  
U294                      AO2             lsi_10k         2.000000  
U295                      IVP             lsi_10k         1.000000  
U296                      AO2             lsi_10k         2.000000  
U297                      IVP             lsi_10k         1.000000  
U298                      AO2             lsi_10k         2.000000  
U299                      IVP             lsi_10k         1.000000  
U300                      AO2             lsi_10k         2.000000  
U301                      IVP             lsi_10k         1.000000  
U302                      AO2             lsi_10k         2.000000  
U303                      IVP             lsi_10k         1.000000  
U304                      AO2             lsi_10k         2.000000  
U305                      IVP             lsi_10k         1.000000  
U306                      AO2             lsi_10k         2.000000  
U307                      IVP             lsi_10k         1.000000  
U308                      AO2             lsi_10k         2.000000  
U309                      IVP             lsi_10k         1.000000  
U310                      AO2             lsi_10k         2.000000  
U311                      IVP             lsi_10k         1.000000  
U312                      AO2             lsi_10k         2.000000  
U313                      IVP             lsi_10k         1.000000  
U314                      AO2             lsi_10k         2.000000  
U315                      IVP             lsi_10k         1.000000  
U316                      AO2             lsi_10k         2.000000  
U317                      IVP             lsi_10k         1.000000  
U318                      AO2             lsi_10k         2.000000  
U319                      IVP             lsi_10k         1.000000  
U320                      AO2             lsi_10k         2.000000  
U321                      IVP             lsi_10k         1.000000  
U322                      AO2             lsi_10k         2.000000  
U323                      IVP             lsi_10k         1.000000  
U324                      AO2             lsi_10k         2.000000  
U325                      IVP             lsi_10k         1.000000  
U326                      AO2             lsi_10k         2.000000  
U327                      IVP             lsi_10k         1.000000  
U328                      AO2             lsi_10k         2.000000  
U329                      IVP             lsi_10k         1.000000  
U330                      AO2             lsi_10k         2.000000  
U331                      IVP             lsi_10k         1.000000  
U332                      AO2             lsi_10k         2.000000  
U333                      IVP             lsi_10k         1.000000  
U334                      AO2             lsi_10k         2.000000  
U335                      IVP             lsi_10k         1.000000  
U336                      AO2             lsi_10k         2.000000  
U337                      IVP             lsi_10k         1.000000  
U338                      AO2             lsi_10k         2.000000  
U339                      IVP             lsi_10k         1.000000  
U340                      AO2             lsi_10k         2.000000  
U341                      IVP             lsi_10k         1.000000  
U342                      AO2             lsi_10k         2.000000  
U343                      IVP             lsi_10k         1.000000  
U344                      AO2             lsi_10k         2.000000  
U345                      IVP             lsi_10k         1.000000  
U346                      AO2             lsi_10k         2.000000  
U347                      IVP             lsi_10k         1.000000  
U348                      AO2             lsi_10k         2.000000  
U349                      IVP             lsi_10k         1.000000  
U350                      AO2             lsi_10k         2.000000  
U351                      IVP             lsi_10k         1.000000  
U352                      AO2             lsi_10k         2.000000  
U353                      IVP             lsi_10k         1.000000  
U354                      AO2             lsi_10k         2.000000  
U355                      IVP             lsi_10k         1.000000  
U356                      AO2             lsi_10k         2.000000  
U357                      IVP             lsi_10k         1.000000  
U358                      AO2             lsi_10k         2.000000  
U359                      IVP             lsi_10k         1.000000  
U360                      AO2             lsi_10k         2.000000  
U361                      IVP             lsi_10k         1.000000  
U362                      AO2             lsi_10k         2.000000  
U363                      IVP             lsi_10k         1.000000  
U364                      AO2             lsi_10k         2.000000  
U365                      IVP             lsi_10k         1.000000  
U366                      AO2             lsi_10k         2.000000  
U367                      IVP             lsi_10k         1.000000  
U368                      AO2             lsi_10k         2.000000  
U369                      IVP             lsi_10k         1.000000  
U370                      AO2             lsi_10k         2.000000  
U371                      IVP             lsi_10k         1.000000  
U372                      AO2             lsi_10k         2.000000  
U373                      IVP             lsi_10k         1.000000  
U374                      AO2             lsi_10k         2.000000  
U375                      IVP             lsi_10k         1.000000  
U376                      AO2             lsi_10k         2.000000  
U377                      IVP             lsi_10k         1.000000  
U378                      AO2             lsi_10k         2.000000  
U379                      IVP             lsi_10k         1.000000  
U380                      AO2             lsi_10k         2.000000  
U381                      IVP             lsi_10k         1.000000  
U382                      AO2             lsi_10k         2.000000  
U383                      IVP             lsi_10k         1.000000  
U384                      AO2             lsi_10k         2.000000  
U385                      IVP             lsi_10k         1.000000  
U386                      AO2             lsi_10k         2.000000  
U387                      IVP             lsi_10k         1.000000  
U388                      AO2             lsi_10k         2.000000  
U389                      IVP             lsi_10k         1.000000  
U390                      AO2             lsi_10k         2.000000  
U391                      IVP             lsi_10k         1.000000  
U392                      AO2             lsi_10k         2.000000  
U393                      IVP             lsi_10k         1.000000  
U394                      AO2             lsi_10k         2.000000  
U395                      IVP             lsi_10k         1.000000  
U396                      AO2             lsi_10k         2.000000  
U397                      IVA             lsi_10k         1.000000  
i_alu                     alu                             2631.000000
                                                                    h
i_ctrlu                   ctrlu                           135.000000
                                                                    h
i_decoder                 decoder                         91.000000 h
i_ifu                     ifu                             921.000000
                                                                    h, n
i_registers               regfile_ADDR_WIDTH5_DATA_WIDTH32
                                                          13131.000000
                                                                    h, n, p
--------------------------------------------------------------------------------
Total 203 cells                                           17203.000000
1
