 
****************************************
Report : hierarchy
Design : cpu
Version: L-2016.03-SP1
Date   : Fri Sep 13 21:48:51 2024
****************************************

cpu
    AO2                                      lsi_10k
    IVP                                      lsi_10k
    ND2                                      lsi_10k
    NR2                                      lsi_10k
    alu
        AN3                                  lsi_10k
        AO2                                  lsi_10k
        AO3                                  lsi_10k
        AO6                                  lsi_10k
        IVA                                  lsi_10k
        IVP                                  lsi_10k
        ND2                                  lsi_10k
        ND4                                  lsi_10k
        NR2                                  lsi_10k
        NR3                                  lsi_10k
        NR4                                  lsi_10k
        alu_DW01_add_0
            AN2                              lsi_10k
            EO                               lsi_10k
            EO3P                             lsi_10k
            FA1A                             lsi_10k
        alu_DW01_ash_0
            AN2                              lsi_10k
            IVA                              lsi_10k
            IVDA                             lsi_10k
            IVP                              lsi_10k
            MUX21H                           lsi_10k
            MUX21L                           lsi_10k
            MUX31L                           lsi_10k
            ND2                              lsi_10k
            NR2                              lsi_10k
        alu_DW01_cmp2_0
            AN2                              lsi_10k
            AO2                              lsi_10k
            AO4                              lsi_10k
            EON1                             lsi_10k
            IVA                              lsi_10k
            IVP                              lsi_10k
            ND2                              lsi_10k
            NR2                              lsi_10k
        alu_DW01_cmp2_1
            AN2                              lsi_10k
            AO2                              lsi_10k
            AO4                              lsi_10k
            EON1                             lsi_10k
            IVA                              lsi_10k
            IVP                              lsi_10k
            ND2                              lsi_10k
            NR2                              lsi_10k
        alu_DW01_sub_0
            EN                               lsi_10k
            EO3P                             lsi_10k
            FA1A                             lsi_10k
            IV                               lsi_10k
            IVP                              lsi_10k
            OR2                              lsi_10k
        alu_DW_rash_0
            AN2                              lsi_10k
            AO1                              lsi_10k
            AO2                              lsi_10k
            AO3                              lsi_10k
            AO6                              lsi_10k
            AO7                              lsi_10k
            EO1                              lsi_10k
            IVA                              lsi_10k
            IVDA                             lsi_10k
            IVP                              lsi_10k
            MUX21L                           lsi_10k
            ND2                              lsi_10k
            NR2                              lsi_10k
        alu_DW_rash_1
            AN2                              lsi_10k
            AO2                              lsi_10k
            AO3                              lsi_10k
            AO4                              lsi_10k
            AO6                              lsi_10k
            AO7                              lsi_10k
            EO1                              lsi_10k
            IVA                              lsi_10k
            IVDA                             lsi_10k
            IVP                              lsi_10k
            MUX21L                           lsi_10k
            ND2                              lsi_10k
            NR2                              lsi_10k
            NR3                              lsi_10k
    ctrlu
        AN3                                  lsi_10k
        AN4P                                 lsi_10k
        AO1P                                 lsi_10k
        AO2                                  lsi_10k
        AO3                                  lsi_10k
        AO4                                  lsi_10k
        AO6                                  lsi_10k
        AO7                                  lsi_10k
        IVDA                                 lsi_10k
        IVP                                  lsi_10k
        LD1                                  lsi_10k
        ND2                                  lsi_10k
        ND3                                  lsi_10k
        ND4                                  lsi_10k
        NR2                                  lsi_10k
        NR3                                  lsi_10k
        NR4                                  lsi_10k
        OR2                                  lsi_10k
        OR3                                  lsi_10k
    decoder
        AO2                                  lsi_10k
        AO3                                  lsi_10k
        AO6                                  lsi_10k
        AO7                                  lsi_10k
        EON1                                 lsi_10k
        IVP                                  lsi_10k
        ND2                                  lsi_10k
        ND3                                  lsi_10k
        NR2                                  lsi_10k
        NR3                                  lsi_10k
    ifu
        AN2                                  lsi_10k
        AO1P                                 lsi_10k
        AO2                                  lsi_10k
        AO3                                  lsi_10k
        EO                                   lsi_10k
        EO1                                  lsi_10k
        FD2                                  lsi_10k
        IVA                                  lsi_10k
        IVP                                  lsi_10k
        LD1                                  lsi_10k
        ND3                                  lsi_10k
        NR2                                  lsi_10k
        NR3                                  lsi_10k
        OR2                                  lsi_10k
        OR3                                  lsi_10k
        ifu_DW01_add_0
            AN2                              lsi_10k
            EO3P                             lsi_10k
            FA1A                             lsi_10k
        ifu_DW01_add_1
            AN2                              lsi_10k
            EO                               lsi_10k
            EO3P                             lsi_10k
            FA1A                             lsi_10k
    regfile_ADDR_WIDTH5_DATA_WIDTH32
        AN2P                                 lsi_10k
        AO2                                  lsi_10k
        AO7                                  lsi_10k
        FDS2L                                lsi_10k
        IV                                   lsi_10k
        IVDA                                 lsi_10k
        IVP                                  lsi_10k
        ND2                                  lsi_10k
        ND3                                  lsi_10k
        ND4                                  lsi_10k
        NR2                                  lsi_10k
        NR3                                  lsi_10k
        NR4                                  lsi_10k
        NR4P                                 lsi_10k
        OR2                                  lsi_10k
        OR3                                  lsi_10k
1
