 
****************************************
Report : qor
Design : cpu
Version: L-2016.03-SP1
Date   : Fri Sep 13 21:48:50 2024
****************************************


  Timing Path Group 'clk'
  -----------------------------------
  Levels of Logic:              45.00
  Critical Path Length:         94.81
  Critical Path Slack:           0.39
  Critical Path Clk Period:    100.00
  Total Negative Slack:          0.00
  No. of Violating Paths:        0.00
  Worst Hold Violation:          0.00
  Total Hold Violation:          0.00
  No. of Hold Violations:        0.00
  -----------------------------------


  Cell Count
  -----------------------------------
  Hierarchical Cell Count:         14
  Hierarchical Port Count:       1198
  Leaf Cell Count:               4516
  Buf/Inv Cell Count:             460
  Buf Cell Count:                  28
  Inv Cell Count:                 460
  CT Buf/Inv Cell Count:            0
  Combinational Cell Count:      3474
  Sequential Cell Count:         1042
  Macro Count:                      0
  -----------------------------------


  Area
  -----------------------------------
  Combinational Area:     7045.000000
  Noncombinational Area: 10298.000000
  Buf/Inv Area:            460.000000
  Total Buffer Area:            28.00
  Total Inverter Area:         460.00
  Macro/Black Box Area:      0.000000
  Net Area:                  0.000000
  -----------------------------------
  Cell Area:             17343.000000
  Design Area:           17343.000000


  Design Rules
  -----------------------------------
  Total Number of Nets:          5733
  Nets With Violations:             0
  Max Trans Violations:             0
  Max Cap Violations:               0
  -----------------------------------


  Hostname: DellUbuntu

  Compile CPU Statistics
  -----------------------------------------
  Resource Sharing:                    0.93
  Logic Optimization:                  0.71
  Mapping Optimization:                2.86
  -----------------------------------------
  Overall Compile Time:                5.91
  Overall Compile Wall Clock Time:     2.82

  --------------------------------------------------------------------

  Design  WNS: 0.00  TNS: 0.00  Number of Violating Paths: 0


  Design (Hold)  WNS: 0.00  TNS: 0.00  Number of Violating Paths: 0

  --------------------------------------------------------------------


1
