 
****************************************
Report : reference
Design : cpu
Version: L-2016.03-SP1
Date   : Fri Sep 13 21:48:51 2024
****************************************

Attributes:
    b - black box (unknown)
   bo - allows boundary optimization
    d - dont_touch
   mo - map_only
    h - hierarchical
    n - noncombinational
    r - removable
    s - synthetic operator
    u - contains unmapped logic

Reference          Library       Unit Area   Count    Total Area   Attributes
-----------------------------------------------------------------------------
AO2                lsi_10k        2.000000      96    192.000000  
IVP                lsi_10k        1.000000      98     98.000000  
ND2                lsi_10k        1.000000       2      2.000000  
NR2                lsi_10k        1.000000       1      1.000000  
alu                            2632.000000       1   2632.000000  h
ctrlu                           212.000000       1    212.000000  h, n
decoder                          91.000000       1     91.000000  h
ifu                             984.000000       1    984.000000  h, n
regfile_ADDR_WIDTH5_DATA_WIDTH32
                              13131.000000       1  13131.000000  h, n
-----------------------------------------------------------------------------
Total 9 references                                  17343.000000
1
