 
****************************************
Report : timing
        -path full
        -delay max
        -max_paths 1
Design : cpu
Version: L-2016.03-SP1
Date   : Sat Sep 14 15:07:01 2024
****************************************

 # A fanout number of 1000 was used for high fanout net computations.

Operating Conditions: nom_pvt   Library: lsi_10k
Wire Load Model Mode: top

  Startpoint: insn_i[20] (input port clocked by clk)
  Endpoint: i_registers/regfile_reg[1][31]
            (rising edge-triggered flip-flop clocked by clk)
  Path Group: clk
  Path Type: max

  Des/Clust/Port     Wire Load Model       Library
  ------------------------------------------------
  cpu                50x50                 lsi_10k

  Point                                                   Incr       Path
  --------------------------------------------------------------------------
  clock clk (rise edge)                                   0.00       0.00
  clock network delay (ideal)                             2.00       2.00
  input external delay                                    2.00       4.00 r
  insn_i[20] (in)                                         3.11       7.11 r
  i_decoder/insn_i[20] (decoder)                          0.00       7.11 r
  i_decoder/rs2_o[0] (decoder)                            0.00       7.11 r
  i_registers/rb_i[0] (regfile_ADDR_WIDTH5_DATA_WIDTH32)
                                                          0.00       7.11 r
  i_registers/U1152/Z (IVP)                               0.47       7.58 f
  i_registers/U1010/Z (NR3)                              20.75      28.33 r
  i_registers/U1008/Y (IVDA)                              0.72      29.05 f
  i_registers/U2693/Z (IV)                               11.99      41.04 r
  i_registers/U2075/Z (AO2)                               0.70      41.74 f
  i_registers/U2079/Z (ND4)                               1.05      42.78 r
  i_registers/U2085/Z (AO2)                               0.70      43.48 f
  i_registers/U1039/Z (AN2P)                              0.94      44.42 f
  i_registers/U1165/Z (NR2)                               2.11      46.53 r
  i_registers/data_b_o[4] (regfile_ADDR_WIDTH5_DATA_WIDTH32)
                                                          0.00      46.53 r
  U214/Z (AO2)                                            0.78      47.31 f
  U213/Z (IVP)                                            3.86      51.17 r
  i_alu/B[4] (alu)                                        0.00      51.17 r
  i_alu/add_13/B[4] (alu_DW01_add_0)                      0.00      51.17 r
  i_alu/add_13/U1_4/CO (FA1A)                             2.44      53.62 r
  i_alu/add_13/U1_5/CO (FA1A)                             1.34      54.96 r
  i_alu/add_13/U1_6/CO (FA1A)                             1.34      56.30 r
  i_alu/add_13/U1_7/CO (FA1A)                             1.34      57.65 r
  i_alu/add_13/U1_8/CO (FA1A)                             1.34      58.99 r
  i_alu/add_13/U1_9/CO (FA1A)                             1.34      60.34 r
  i_alu/add_13/U1_10/CO (FA1A)                            1.34      61.68 r
  i_alu/add_13/U1_11/CO (FA1A)                            1.34      63.03 r
  i_alu/add_13/U1_12/CO (FA1A)                            1.34      64.37 r
  i_alu/add_13/U1_13/CO (FA1A)                            1.34      65.71 r
  i_alu/add_13/U1_14/CO (FA1A)                            1.34      67.06 r
  i_alu/add_13/U1_15/CO (FA1A)                            1.34      68.40 r
  i_alu/add_13/U1_16/CO (FA1A)                            1.34      69.75 r
  i_alu/add_13/U1_17/CO (FA1A)                            1.34      71.09 r
  i_alu/add_13/U1_18/CO (FA1A)                            1.34      72.43 r
  i_alu/add_13/U1_19/CO (FA1A)                            1.34      73.78 r
  i_alu/add_13/U1_20/CO (FA1A)                            1.34      75.12 r
  i_alu/add_13/U1_21/CO (FA1A)                            1.34      76.47 r
  i_alu/add_13/U1_22/CO (FA1A)                            1.34      77.81 r
  i_alu/add_13/U1_23/CO (FA1A)                            1.34      79.15 r
  i_alu/add_13/U1_24/CO (FA1A)                            1.34      80.50 r
  i_alu/add_13/U1_25/CO (FA1A)                            1.34      81.84 r
  i_alu/add_13/U1_26/CO (FA1A)                            1.34      83.19 r
  i_alu/add_13/U1_27/CO (FA1A)                            1.34      84.53 r
  i_alu/add_13/U1_28/CO (FA1A)                            1.34      85.87 r
  i_alu/add_13/U1_29/CO (FA1A)                            1.34      87.22 r
  i_alu/add_13/U1_30/CO (FA1A)                            1.34      88.56 r
  i_alu/add_13/U1_31/Z (EO3P)                             1.87      90.43 r
  i_alu/add_13/SUM[31] (alu_DW01_add_0)                   0.00      90.43 r
  i_alu/U94/Z (ND2)                                       0.37      90.80 f
  i_alu/U91/Z (ND4)                                       1.36      92.16 r
  i_alu/ALUOut[31] (alu)                                  0.00      92.16 r
  U270/Z (AO2)                                            0.78      92.94 f
  U269/Z (IVP)                                            0.54      93.49 r
  i_registers/wdata_i[31] (regfile_ADDR_WIDTH5_DATA_WIDTH32)
                                                          0.00      93.49 r
  i_registers/U1018/Z (AN2P)                              5.52      99.00 r
  i_registers/regfile_reg[1][31]/D (FDS2L)                0.00      99.00 r
  data arrival time                                                 99.00

  clock clk (rise edge)                                 100.00     100.00
  clock network delay (ideal)                             2.00     102.00
  clock uncertainty                                      -1.20     100.80
  i_registers/regfile_reg[1][31]/CP (FDS2L)               0.00     100.80 r
  library setup time                                     -1.60      99.20
  data required time                                                99.20
  --------------------------------------------------------------------------
  data required time                                                99.20
  data arrival time                                                -99.00
  --------------------------------------------------------------------------
  slack (MET)                                                        0.20


1
