version: (200506)

available memory: 64M bytes
used memory: 614400 bytes [need 600K bytes if disable swap]

used block: 33 [memory(33) file(0)]
                 [ 8K(27) 64K(6) { total 600K bytes } ]
overhead: (9540) bytes for (33) blocks [Average: (289) bytes/block]

write  => 0(times) 0K(bytes) [0K bytes to file]
read   => 6(times) 171K(bytes) [37K bytes compressed data from file]
access => 73358(times) 651M(bytes)
          [hit ratio: 99.9918%]

time: write(0) read(0)  unit: second

swap file directory: (/home/ord1nary/study/CPU_Project/sim/verdiLog)
used swap file number: (6)



swap file manager:
arrSize: (256)
idxCnt: (7)
closeHead: (1)
closeTail: (6)
openCnt: (5)
fid(6): fd(1073741827) fileName(/home/ord1nary/study/CPU_Project/sim/simv.daidir/kdb.elab++/work.lib++/memory.v.tdc)
	size(2794) lastModTime(1726559308) curModTime(1726559308)
	mode(rb)	hot(0) cool(5) pos(0)
fid(5): fd(1073741826) fileName(/home/ord1nary/study/CPU_Project/sim/simv.daidir/kdb.elab++/work.lib++/uvm_root.svh#inc__uvm_pkg__79#.tdc)
	size(51541) lastModTime(1726559308) curModTime(1726559308)
	mode(rb)	hot(6) cool(4) pos(0)
fid(4): fd(1073741825) fileName(/home/ord1nary/study/CPU_Project/sim/simv.daidir/kdb.elab++/work.lib++/regfile.v.tdc)
	size(2020) lastModTime(1726559308) curModTime(1726559308)
	mode(rb)	hot(5) cool(2) pos(0)
fid(3): fd(0) fileName(/home/ord1nary/study/CPU_Project/sim/simv.daidir/kdb.elab++/work.lib++/my_agent.sv#inc___vcs_unit__1__171#.tdc)
	size(3195) lastModTime(1726559308) curModTime(1726559308)
	mode(rb)	hot(0) cool(0) pos(0)
fid(2): fd(30) fileName(/home/ord1nary/study/CPU_Project/sim/verdiLog/_swap_0001#1757367822#30796)
	size(0) lastModTime(0) curModTime(1726559320)
	mode(w+b)	hot(4) cool(1) pos(0)
fid(1): fd(1073741824) fileName(/home/ord1nary/study/CPU_Project/sim/simv.daidir/kdb.elab++/work.lib++/testbench.sv.tdc)
	size(3192) lastModTime(1726559308) curModTime(1726559308)
	mode(rb)	hot(2) cool(0) pos(0)
fid(0): fd(0) fileName(NULL)
	mode(NULL)	hot(0) cool(0) pos(0)
==================================================
mySelf(12fd6c20) pre(1184aa10) next(0)
version(200506)
date(May 20 2016 01:21:05)
